{"/home/mflo/mflorence99/aws-serverless-marblejs/src/config.ts": {"path":"/home/mflo/mflorence99/aws-serverless-marblejs/src/config.ts","statementMap":{"0":{"start":{"line":7,"column":2},"end":{"line":25,"column":4}},"1":{"start":{"line":5,"column":0},"end":{"line":27,"column":1}},"2":{"start":{"line":29,"column":13},"end":{"line":29,"column":35}}},"fnMap":{"0":{"name":"(anonymous_0)","decl":{"start":{"line":5,"column":0},"end":{"line":null,"column":-1}},"loc":{"start":{"line":5,"column":0},"end":{"line":27,"column":1}}}},"branchMap":{},"s":{"0":1,"1":1,"2":1},"f":{"0":1},"b":{}}
,"/home/mflo/mflorence99/aws-serverless-marblejs/src/middleware.ts": {"path":"/home/mflo/mflorence99/aws-serverless-marblejs/src/middleware.ts","statementMap":{"0":{"start":{"line":3,"column":0},"end":{"line":3,"column":39}},"1":{"start":{"line":4,"column":0},"end":{"line":4,"column":36}},"2":{"start":{"line":6,"column":13},"end":{"line":11,"column":4}},"3":{"start":{"line":7,"column":2},"end":{"line":11,"column":3}},"4":{"start":{"line":8,"column":18},"end":{"line":8,"column":53}},"5":{"start":{"line":9,"column":15},"end":{"line":10,"column":79}},"6":{"start":{"line":13,"column":13},"end":{"line":18,"column":4}},"7":{"start":{"line":14,"column":2},"end":{"line":18,"column":3}},"8":{"start":{"line":15,"column":18},"end":{"line":15,"column":55}},"9":{"start":{"line":16,"column":15},"end":{"line":17,"column":81}}},"fnMap":{"0":{"name":"(anonymous_0)","decl":{"start":{"line":6,"column":44},"end":{"line":6,"column":45}},"loc":{"start":{"line":7,"column":2},"end":{"line":11,"column":3}}},"1":{"name":"(anonymous_1)","decl":{"start":{"line":8,"column":11},"end":{"line":8,"column":13}},"loc":{"start":{"line":8,"column":18},"end":{"line":8,"column":53}}},"2":{"name":"(anonymous_2)","decl":{"start":{"line":9,"column":8},"end":{"line":9,"column":10}},"loc":{"start":{"line":9,"column":15},"end":{"line":10,"column":79}}},"3":{"name":"(anonymous_3)","decl":{"start":{"line":13,"column":46},"end":{"line":13,"column":47}},"loc":{"start":{"line":14,"column":2},"end":{"line":18,"column":3}}},"4":{"name":"(anonymous_4)","decl":{"start":{"line":15,"column":11},"end":{"line":15,"column":13}},"loc":{"start":{"line":15,"column":18},"end":{"line":15,"column":55}}},"5":{"name":"(anonymous_5)","decl":{"start":{"line":16,"column":8},"end":{"line":16,"column":10}},"loc":{"start":{"line":16,"column":15},"end":{"line":17,"column":81}}}},"branchMap":{},"s":{"0":1,"1":1,"2":1,"3":2,"4":2,"5":2,"6":1,"7":2,"8":2,"9":2},"f":{"0":2,"1":2,"2":2,"3":2,"4":2,"5":2},"b":{}}
,"/home/mflo/mflorence99/aws-serverless-marblejs/src/proxy.ts": {"path":"/home/mflo/mflorence99/aws-serverless-marblejs/src/proxy.ts","statementMap":{"0":{"start":{"line":2,"column":0},"end":{"line":2,"column":28}},"1":{"start":{"line":3,"column":0},"end":{"line":3,"column":26}},"2":{"start":{"line":5,"column":0},"end":{"line":5,"column":33}},"3":{"start":{"line":29,"column":22},"end":{"line":29,"column":89}},"4":{"start":{"line":30,"column":22},"end":{"line":30,"column":72}},"5":{"start":{"line":31,"column":4},"end":{"line":31,"column":44}},"6":{"start":{"line":32,"column":4},"end":{"line":42,"column":52}},"7":{"start":{"line":33,"column":25},"end":{"line":33,"column":47}},"8":{"start":{"line":35,"column":8},"end":{"line":40,"column":34}},"9":{"start":{"line":36,"column":10},"end":{"line":36,"column":482}},"10":{"start":{"line":37,"column":10},"end":{"line":37,"column":50}},"11":{"start":{"line":38,"column":10},"end":{"line":38,"column":54}},"12":{"start":{"line":38,"column":34},"end":{"line":38,"column":52}},"13":{"start":{"line":40,"column":13},"end":{"line":40,"column":34}},"14":{"start":{"line":42,"column":29},"end":{"line":42,"column":50}},"15":{"start":{"line":47,"column":4},"end":{"line":47,"column":34}},"16":{"start":{"line":52,"column":4},"end":{"line":52,"column":24}},"17":{"start":{"line":57,"column":4},"end":{"line":57,"column":32}},"18":{"start":{"line":63,"column":4},"end":{"line":74,"column":7}},"19":{"start":{"line":64,"column":6},"end":{"line":73,"column":7}},"20":{"start":{"line":65,"column":8},"end":{"line":66,"column":72}},"21":{"start":{"line":66,"column":53},"end":{"line":66,"column":70}},"22":{"start":{"line":69,"column":8},"end":{"line":72,"column":11}},"23":{"start":{"line":70,"column":10},"end":{"line":71,"column":74}},"24":{"start":{"line":71,"column":55},"end":{"line":71,"column":72}},"25":{"start":{"line":79,"column":4},"end":{"line":79,"column":26}},"26":{"start":{"line":85,"column":4},"end":{"line":85,"column":43}},"27":{"start":{"line":89,"column":4},"end":{"line":89,"column":77}},"28":{"start":{"line":94,"column":17},"end":{"line":94,"column":40}},"29":{"start":{"line":96,"column":4},"end":{"line":99,"column":5}},"30":{"start":{"line":97,"column":19},"end":{"line":97,"column":50}},"31":{"start":{"line":98,"column":6},"end":{"line":98,"column":66}},"32":{"start":{"line":100,"column":24},"end":{"line":100,"column":45}},"33":{"start":{"line":102,"column":4},"end":{"line":102,"column":28}},"34":{"start":{"line":104,"column":4},"end":{"line":104,"column":84}},"35":{"start":{"line":105,"column":4},"end":{"line":105,"column":82}},"36":{"start":{"line":107,"column":4},"end":{"line":112,"column":6}},"37":{"start":{"line":119,"column":4},"end":{"line":119,"column":58}},"38":{"start":{"line":123,"column":19},"end":{"line":123,"column":62}},"39":{"start":{"line":124,"column":4},"end":{"line":124,"column":40}},"40":{"start":{"line":129,"column":4},"end":{"line":158,"column":7}},"41":{"start":{"line":130,"column":6},"end":{"line":157,"column":7}},"42":{"start":{"line":131,"column":24},"end":{"line":131,"column":67}},"43":{"start":{"line":133,"column":24},"end":{"line":144,"column":10}},"44":{"start":{"line":134,"column":25},"end":{"line":134,"column":27}},"45":{"start":{"line":135,"column":10},"end":{"line":143,"column":15}},"46":{"start":{"line":136,"column":33},"end":{"line":136,"column":51}},"47":{"start":{"line":138,"column":38},"end":{"line":138,"column":43}},"48":{"start":{"line":139,"column":27},"end":{"line":139,"column":93}},"49":{"start":{"line":140,"column":30},"end":{"line":140,"column":46}},"50":{"start":{"line":141,"column":33},"end":{"line":141,"column":52}},"51":{"start":{"line":142,"column":14},"end":{"line":142,"column":85}},"52":{"start":{"line":145,"column":8},"end":{"line":149,"column":11}},"53":{"start":{"line":146,"column":10},"end":{"line":146,"column":31}},"54":{"start":{"line":148,"column":10},"end":{"line":148,"column":42}},"55":{"start":{"line":150,"column":8},"end":{"line":151,"column":57}},"56":{"start":{"line":151,"column":10},"end":{"line":151,"column":57}},"57":{"start":{"line":152,"column":8},"end":{"line":152,"column":22}},"58":{"start":{"line":155,"column":8},"end":{"line":155,"column":29}},"59":{"start":{"line":156,"column":8},"end":{"line":156,"column":40}},"60":{"start":{"line":162,"column":4},"end":{"line":162,"column":47}},"61":{"start":{"line":22,"column":0},"end":{"line":165,"column":1}}},"fnMap":{"0":{"name":"(anonymous_0)","decl":{"start":{"line":29,"column":2},"end":{"line":29,"column":21}},"loc":{"start":{"line":30,"column":72},"end":{"line":43,"column":3}}},"1":{"name":"(anonymous_1)","decl":{"start":{"line":33,"column":19},"end":{"line":33,"column":21}},"loc":{"start":{"line":33,"column":25},"end":{"line":33,"column":47}}},"2":{"name":"(anonymous_2)","decl":{"start":{"line":34,"column":19},"end":{"line":34,"column":20}},"loc":{"start":{"line":34,"column":52},"end":{"line":41,"column":7}}},"3":{"name":"(anonymous_3)","decl":{"start":{"line":38,"column":28},"end":{"line":38,"column":30}},"loc":{"start":{"line":38,"column":34},"end":{"line":38,"column":52}}},"4":{"name":"(anonymous_4)","decl":{"start":{"line":42,"column":23},"end":{"line":42,"column":25}},"loc":{"start":{"line":42,"column":29},"end":{"line":42,"column":50}}},"5":{"name":"(anonymous_5)","decl":{"start":{"line":46,"column":2},"end":{"line":46,"column":7}},"loc":{"start":{"line":46,"column":34},"end":{"line":48,"column":3}}},"6":{"name":"(anonymous_6)","decl":{"start":{"line":51,"column":2},"end":{"line":51,"column":6}},"loc":{"start":{"line":51,"column":7},"end":{"line":53,"column":3}}},"7":{"name":"(anonymous_7)","decl":{"start":{"line":56,"column":2},"end":{"line":56,"column":19}},"loc":{"start":{"line":56,"column":20},"end":{"line":58,"column":3}}},"8":{"name":"(anonymous_8)","decl":{"start":{"line":61,"column":2},"end":{"line":61,"column":7}},"loc":{"start":{"line":62,"column":29},"end":{"line":75,"column":3}}},"9":{"name":"(anonymous_9)","decl":{"start":{"line":63,"column":46},"end":{"line":63,"column":47}},"loc":{"start":{"line":63,"column":66},"end":{"line":74,"column":5}}},"10":{"name":"(anonymous_10)","decl":{"start":{"line":66,"column":16},"end":{"line":66,"column":17}},"loc":{"start":{"line":66,"column":53},"end":{"line":66,"column":70}}},"11":{"name":"(anonymous_11)","decl":{"start":{"line":69,"column":43},"end":{"line":69,"column":45}},"loc":{"start":{"line":69,"column":48},"end":{"line":72,"column":9}}},"12":{"name":"(anonymous_12)","decl":{"start":{"line":71,"column":18},"end":{"line":71,"column":19}},"loc":{"start":{"line":71,"column":55},"end":{"line":71,"column":72}}},"13":{"name":"(anonymous_13)","decl":{"start":{"line":78,"column":2},"end":{"line":78,"column":12}},"loc":{"start":{"line":78,"column":13},"end":{"line":80,"column":3}}},"14":{"name":"(anonymous_14)","decl":{"start":{"line":84,"column":10},"end":{"line":84,"column":18}},"loc":{"start":{"line":84,"column":28},"end":{"line":86,"column":3}}},"15":{"name":"(anonymous_15)","decl":{"start":{"line":88,"column":10},"end":{"line":88,"column":28}},"loc":{"start":{"line":88,"column":61},"end":{"line":90,"column":3}}},"16":{"name":"(anonymous_16)","decl":{"start":{"line":92,"column":10},"end":{"line":92,"column":31}},"loc":{"start":{"line":93,"column":53},"end":{"line":113,"column":3}}},"17":{"name":"(anonymous_17)","decl":{"start":{"line":115,"column":10},"end":{"line":115,"column":21}},"loc":{"start":{"line":118,"column":46},"end":{"line":120,"column":3}}},"18":{"name":"(anonymous_18)","decl":{"start":{"line":122,"column":10},"end":{"line":122,"column":23}},"loc":{"start":{"line":122,"column":24},"end":{"line":125,"column":3}}},"19":{"name":"(anonymous_19)","decl":{"start":{"line":127,"column":10},"end":{"line":127,"column":21}},"loc":{"start":{"line":128,"column":43},"end":{"line":159,"column":3}}},"20":{"name":"(anonymous_20)","decl":{"start":{"line":129,"column":46},"end":{"line":129,"column":47}},"loc":{"start":{"line":129,"column":66},"end":{"line":158,"column":5}}},"21":{"name":"(anonymous_21)","decl":{"start":{"line":133,"column":51},"end":{"line":133,"column":58}},"loc":{"start":{"line":133,"column":62},"end":{"line":144,"column":9}}},"22":{"name":"(anonymous_22)","decl":{"start":{"line":136,"column":24},"end":{"line":136,"column":28}},"loc":{"start":{"line":136,"column":33},"end":{"line":136,"column":51}}},"23":{"name":"(anonymous_23)","decl":{"start":{"line":137,"column":23},"end":{"line":137,"column":25}},"loc":{"start":{"line":137,"column":28},"end":{"line":143,"column":13}}},"24":{"name":"(anonymous_24)","decl":{"start":{"line":145,"column":28},"end":{"line":145,"column":29}},"loc":{"start":{"line":145,"column":61},"end":{"line":149,"column":9}}},"25":{"name":"(anonymous_25)","decl":{"start":{"line":161,"column":10},"end":{"line":161,"column":20}},"loc":{"start":{"line":161,"column":21},"end":{"line":163,"column":3}}}},"branchMap":{"0":{"loc":{"start":{"line":30,"column":50},"end":{"line":30,"column":72}},"type":"default-arg","locations":[{"start":{"line":30,"column":50},"end":{"line":30,"column":72}}]},"1":{"loc":{"start":{"line":35,"column":8},"end":{"line":40,"column":34}},"type":"if","locations":[{"start":{"line":35,"column":8},"end":{"line":40,"column":34}},{"start":{"line":35,"column":8},"end":{"line":40,"column":34}}]},"2":{"loc":{"start":{"line":64,"column":6},"end":{"line":73,"column":7}},"type":"if","locations":[{"start":{"line":64,"column":6},"end":{"line":73,"column":7}},{"start":{"line":64,"column":6},"end":{"line":73,"column":7}}]},"3":{"loc":{"start":{"line":89,"column":58},"end":{"line":89,"column":66}},"type":"cond-expr","locations":[{"start":{"line":89,"column":58},"end":{"line":89,"column":66}},{"start":{"line":89,"column":69},"end":{"line":89,"column":75}}]},"4":{"loc":{"start":{"line":96,"column":4},"end":{"line":99,"column":5}},"type":"if","locations":[{"start":{"line":96,"column":4},"end":{"line":99,"column":5}},{"start":{"line":96,"column":4},"end":{"line":99,"column":5}}]},"5":{"loc":{"start":{"line":96,"column":8},"end":{"line":96,"column":18}},"type":"binary-expr","locations":[{"start":{"line":96,"column":8},"end":{"line":96,"column":18}},{"start":{"line":96,"column":22},"end":{"line":96,"column":48}}]},"6":{"loc":{"start":{"line":116,"column":30},"end":{"line":116,"column":32}},"type":"default-arg","locations":[{"start":{"line":116,"column":30},"end":{"line":116,"column":32}}]},"7":{"loc":{"start":{"line":117,"column":33},"end":{"line":117,"column":36}},"type":"default-arg","locations":[{"start":{"line":117,"column":33},"end":{"line":117,"column":36}}]},"8":{"loc":{"start":{"line":118,"column":41},"end":{"line":118,"column":46}},"type":"default-arg","locations":[{"start":{"line":118,"column":41},"end":{"line":118,"column":46}}]},"9":{"loc":{"start":{"line":139,"column":75},"end":{"line":139,"column":83}},"type":"cond-expr","locations":[{"start":{"line":139,"column":75},"end":{"line":139,"column":83}},{"start":{"line":139,"column":86},"end":{"line":139,"column":92}}]},"10":{"loc":{"start":{"line":150,"column":8},"end":{"line":151,"column":57}},"type":"if","locations":[{"start":{"line":150,"column":8},"end":{"line":151,"column":57}},{"start":{"line":150,"column":8},"end":{"line":151,"column":57}}]}},"s":{"0":1,"1":1,"2":1,"3":4,"4":4,"5":4,"6":4,"7":0,"8":0,"9":0,"10":0,"11":0,"12":0,"13":0,"14":1,"15":1,"16":1,"17":1,"18":2,"19":2,"20":1,"21":1,"22":1,"23":1,"24":1,"25":2,"26":4,"27":5,"28":3,"29":3,"30":3,"31":3,"32":3,"33":3,"34":3,"35":3,"36":3,"37":2,"38":4,"39":4,"40":2,"41":2,"42":2,"43":2,"44":2,"45":2,"46":2,"47":2,"48":2,"49":2,"50":2,"51":2,"52":2,"53":0,"54":0,"55":2,"56":2,"57":2,"58":0,"59":0,"60":1,"61":1},"f":{"0":4,"1":0,"2":0,"3":0,"4":1,"5":1,"6":1,"7":1,"8":2,"9":2,"10":1,"11":1,"12":1,"13":2,"14":4,"15":5,"16":3,"17":2,"18":4,"19":2,"20":2,"21":2,"22":2,"23":2,"24":0,"25":1},"b":{"0":[3],"1":[0,0],"2":[1,1],"3":[0,5],"4":[3,0],"5":[3,3],"6":[0],"7":[0],"8":[0],"9":[0,2],"10":[2,0]}}
}
