TN:
SF:/home/mflo/mflorence99/aws-serverless-marblejs/src/config.ts
FN:5,(anonymous_0)
FNF:1
FNH:1
FNDA:1,(anonymous_0)
DA:5,1
DA:7,1
DA:29,1
LF:3
LH:3
BRF:0
BRH:0
end_of_record
TN:
SF:/home/mflo/mflorence99/aws-serverless-marblejs/src/middleware.ts
FN:6,(anonymous_0)
FN:8,(anonymous_1)
FN:9,(anonymous_2)
FN:13,(anonymous_3)
FN:15,(anonymous_4)
FN:16,(anonymous_5)
FNF:6
FNH:6
FNDA:2,(anonymous_0)
FNDA:2,(anonymous_1)
FNDA:2,(anonymous_2)
FNDA:2,(anonymous_3)
FNDA:2,(anonymous_4)
FNDA:2,(anonymous_5)
DA:3,1
DA:4,1
DA:6,1
DA:7,2
DA:8,2
DA:9,2
DA:13,1
DA:14,2
DA:15,2
DA:16,2
LF:10
LH:10
BRF:0
BRH:0
end_of_record
TN:
SF:/home/mflo/mflorence99/aws-serverless-marblejs/src/proxy.ts
FN:29,(anonymous_0)
FN:33,(anonymous_1)
FN:34,(anonymous_2)
FN:38,(anonymous_3)
FN:42,(anonymous_4)
FN:46,(anonymous_5)
FN:51,(anonymous_6)
FN:56,(anonymous_7)
FN:61,(anonymous_8)
FN:63,(anonymous_9)
FN:66,(anonymous_10)
FN:69,(anonymous_11)
FN:71,(anonymous_12)
FN:78,(anonymous_13)
FN:84,(anonymous_14)
FN:88,(anonymous_15)
FN:92,(anonymous_16)
FN:115,(anonymous_17)
FN:122,(anonymous_18)
FN:127,(anonymous_19)
FN:129,(anonymous_20)
FN:133,(anonymous_21)
FN:136,(anonymous_22)
FN:137,(anonymous_23)
FN:145,(anonymous_24)
FN:161,(anonymous_25)
FNF:26
FNH:22
FNDA:4,(anonymous_0)
FNDA:0,(anonymous_1)
FNDA:0,(anonymous_2)
FNDA:0,(anonymous_3)
FNDA:1,(anonymous_4)
FNDA:1,(anonymous_5)
FNDA:1,(anonymous_6)
FNDA:1,(anonymous_7)
FNDA:2,(anonymous_8)
FNDA:2,(anonymous_9)
FNDA:1,(anonymous_10)
FNDA:1,(anonymous_11)
FNDA:1,(anonymous_12)
FNDA:2,(anonymous_13)
FNDA:4,(anonymous_14)
FNDA:5,(anonymous_15)
FNDA:3,(anonymous_16)
FNDA:2,(anonymous_17)
FNDA:4,(anonymous_18)
FNDA:2,(anonymous_19)
FNDA:2,(anonymous_20)
FNDA:2,(anonymous_21)
FNDA:2,(anonymous_22)
FNDA:2,(anonymous_23)
FNDA:0,(anonymous_24)
FNDA:1,(anonymous_25)
DA:2,1
DA:3,1
DA:5,1
DA:22,1
DA:29,4
DA:30,4
DA:31,4
DA:32,4
DA:33,0
DA:35,0
DA:36,0
DA:37,0
DA:38,0
DA:40,0
DA:42,1
DA:47,1
DA:52,1
DA:57,1
DA:63,2
DA:64,2
DA:65,1
DA:66,1
DA:69,1
DA:70,1
DA:71,1
DA:79,2
DA:85,4
DA:89,5
DA:94,3
DA:96,3
DA:97,3
DA:98,3
DA:100,3
DA:102,3
DA:104,3
DA:105,3
DA:107,3
DA:119,2
DA:123,4
DA:124,4
DA:129,2
DA:130,2
DA:131,2
DA:133,2
DA:134,2
DA:135,2
DA:136,2
DA:138,2
DA:139,2
DA:140,2
DA:141,2
DA:142,2
DA:145,2
DA:146,0
DA:148,0
DA:150,2
DA:151,2
DA:152,2
DA:155,0
DA:156,0
DA:162,1
LF:61
LH:51
BRDA:30,0,0,3
BRDA:35,1,0,0
BRDA:35,1,1,0
BRDA:64,2,0,1
BRDA:64,2,1,1
BRDA:89,3,0,0
BRDA:89,3,1,5
BRDA:96,4,0,3
BRDA:96,4,1,0
BRDA:96,5,0,3
BRDA:96,5,1,3
BRDA:116,6,0,0
BRDA:117,7,0,0
BRDA:118,8,0,0
BRDA:139,9,0,0
BRDA:139,9,1,2
BRDA:150,10,0,2
BRDA:150,10,1,0
BRF:18
BRH:9
end_of_record
